<?xml version="1.0" encoding="UTF-8"?>
<!-- Generated by org.testng.reporters.JUnitReportReporter -->
<testsuite hostname="DESKTOP-EK4M9QR" failures="0" tests="2" name="test.Test1" time="0.006" errors="0" timestamp="2022-03-23T10:22:13 EDT" skipped="0">
  <testcase classname="test.Test1" name="SecondTest" time="0.001"/>
  <system-out/>
  <testcase classname="test.Test1" name="Demo" time="0.005"/>
  <system-out/>
</testsuite> <!-- test.Test1 -->
