<?xml version="1.0" encoding="UTF-8"?>
<!-- Generated by org.testng.reporters.JUnitReportReporter -->
<testsuite hostname="DESKTOP-EK4M9QR" failures="0" tests="1" name="test.Day1" time="0.004" errors="0" timestamp="2022-03-24T16:31:19 EDT" skipped="0">
  <testcase classname="test.Day1" name="Demo" time="0.004"/>
  <system-out/>
</testsuite> <!-- test.Day1 -->
