<?xml version="1.0" encoding="UTF-8"?>
<!-- Generated by org.testng.reporters.JUnitReportReporter -->
<testsuite hostname="DESKTOP-EK4M9QR" failures="0" tests="3" name="test.Day4" time="0.002" errors="0" timestamp="2022-03-24T16:31:19 EDT" skipped="0">
  <testcase classname="test.Day4" name="MobileLoginHomeLoan" time="0.001"/>
  <system-out/>
  <testcase classname="test.Day4" name="WebloginHomeLoan" time="0.000"/>
  <system-out/>
  <testcase classname="test.Day4" name="LoginAPIHomeLoan" time="0.001"/>
  <system-out/>
</testsuite> <!-- test.Day4 -->
