<?xml version="1.0" encoding="UTF-8"?>
<!-- Generated by org.testng.reporters.JUnitReportReporter -->
<testsuite hostname="DESKTOP-EK4M9QR" failures="0" tests="7" name="test.Day3" time="0.009" errors="0" timestamp="2022-03-24T16:31:19 EDT" skipped="1">
  <testcase classname="test.Day3" name="WebloginCarLoan" time="0.002"/>
  <system-out/>
  <testcase classname="test.Day3" name="MobilesigninCarLoan" time="0.002"/>
  <system-out/>
  <testcase classname="test.Day3" name="MobilesignoutCarLoan" time="0.001"/>
  <system-out/>
  <testcase classname="test.Day3" name="MobilesignoutCarLoan" time="0.001"/>
  <system-out/>
  <testcase classname="test.Day3" name="MobilesignoutCarLoan" time="0.002"/>
  <system-out/>
  <testcase classname="test.Day3" name="APICarLoan" time="0.001"/>
  <system-out/>
  <testcase classname="test.Day3" name="MobileLoginCarLoan">
    <skipped/>
  </testcase> <!-- MobileLoginCarLoan -->
  <system-out/>
</testsuite> <!-- test.Day3 -->
