<?xml version="1.0" encoding="UTF-8"?>
<!-- Generated by org.testng.reporters.JUnitReportReporter -->
<testsuite hostname="DESKTOP-EK4M9QR" failures="0" tests="1" name="test.Day5" time="0.000" errors="0" timestamp="2022-03-23T10:22:13 EDT" skipped="0">
  <testcase classname="test.Day5" name="car" time="0.000"/>
  <system-out/>
</testsuite> <!-- test.Day5 -->
